TN:
SF:open-color.js
FNF:0
FNH:0
DA:8,1
LF:1
LH:1
BRF:0
BRH:0
end_of_record
TN:
SF:_site\public\js\login-logica.js
FN:9,(anonymous_0)
FN:15,(anonymous_1)
FN:25,(anonymous_2)
FN:35,(anonymous_3)
FN:72,(anonymous_4)
FNF:5
FNH:4
FNDA:0,(anonymous_0)
FNDA:1,(anonymous_1)
FNDA:1,(anonymous_2)
FNDA:2,(anonymous_3)
FNDA:3,(anonymous_4)
DA:1,1
DA:2,1
DA:3,1
DA:4,1
DA:7,1
DA:10,0
DA:13,1
DA:16,1
DA:17,1
DA:18,1
DA:19,1
DA:20,1
DA:23,1
DA:26,1
DA:27,1
DA:28,1
DA:29,1
DA:30,1
DA:33,1
DA:36,2
DA:37,2
DA:38,2
DA:40,2
DA:41,2
DA:43,2
DA:45,2
DA:46,2
DA:47,1
DA:48,1
DA:49,1
DA:53,2
DA:54,1
DA:55,1
DA:56,1
DA:59,1
DA:60,1
DA:62,1
DA:63,1
DA:65,1
DA:66,1
DA:67,1
DA:70,1
DA:73,3
DA:74,3
DA:75,3
DA:77,3
DA:78,3
DA:80,3
DA:82,3
DA:83,1
DA:84,1
DA:87,2
DA:88,2
DA:89,1
DA:93,1
DA:94,1
DA:98,2
DA:99,1
DA:101,1
DA:102,1
LF:60
LH:59
BRDA:8,0,0,1
BRDA:8,0,1,0
BRDA:43,1,0,2
BRDA:43,1,1,1
BRDA:47,2,0,1
BRDA:47,2,1,0
BRDA:53,3,0,1
BRDA:53,3,1,1
BRDA:80,4,0,3
BRDA:80,4,1,1
BRDA:82,5,0,1
BRDA:82,5,1,2
BRDA:82,6,0,3
BRDA:82,6,1,1
BRDA:89,7,0,1
BRDA:89,7,1,0
BRDA:90,8,0,1
BRDA:90,8,1,1
BRDA:98,9,0,1
BRDA:98,9,1,1
BRF:20
BRH:17
end_of_record
TN:
SF:docs\public\js\login-logica.js
FN:9,(anonymous_0)
FN:15,(anonymous_1)
FN:25,(anonymous_2)
FN:35,(anonymous_3)
FN:72,(anonymous_4)
FNF:5
FNH:4
FNDA:0,(anonymous_0)
FNDA:1,(anonymous_1)
FNDA:1,(anonymous_2)
FNDA:2,(anonymous_3)
FNDA:3,(anonymous_4)
DA:1,1
DA:2,1
DA:3,1
DA:4,1
DA:7,1
DA:10,0
DA:13,1
DA:16,1
DA:17,1
DA:18,1
DA:19,1
DA:20,1
DA:23,1
DA:26,1
DA:27,1
DA:28,1
DA:29,1
DA:30,1
DA:33,1
DA:36,2
DA:37,2
DA:38,2
DA:40,2
DA:41,2
DA:43,2
DA:45,2
DA:46,2
DA:47,1
DA:48,1
DA:49,1
DA:53,2
DA:54,1
DA:55,1
DA:56,1
DA:59,1
DA:60,1
DA:62,1
DA:63,1
DA:65,1
DA:66,1
DA:67,1
DA:70,1
DA:73,3
DA:74,3
DA:75,3
DA:77,3
DA:78,3
DA:80,3
DA:82,3
DA:83,1
DA:84,1
DA:87,2
DA:88,2
DA:89,1
DA:93,1
DA:94,1
DA:98,2
DA:99,1
DA:101,1
DA:102,1
LF:60
LH:59
BRDA:8,0,0,1
BRDA:8,0,1,0
BRDA:43,1,0,2
BRDA:43,1,1,1
BRDA:47,2,0,1
BRDA:47,2,1,0
BRDA:53,3,0,1
BRDA:53,3,1,1
BRDA:80,4,0,3
BRDA:80,4,1,1
BRDA:82,5,0,1
BRDA:82,5,1,2
BRDA:82,6,0,3
BRDA:82,6,1,1
BRDA:89,7,0,1
BRDA:89,7,1,0
BRDA:90,8,0,1
BRDA:90,8,1,1
BRDA:98,9,0,1
BRDA:98,9,1,1
BRF:20
BRH:17
end_of_record
